Nov 11, 2022 12:13:36 AM org.apache.coyote.AbstractProtocol init
INFO: Initializing ProtocolHandler ["http-nio-auto-1"]
Nov 11, 2022 12:13:36 AM org.apache.tomcat.util.net.NioSelectorPool getSharedSelector
INFO: Using a shared selector for servlet write/read
Nov 11, 2022 12:13:36 AM org.apache.catalina.core.StandardService startInternal
INFO: Starting service [Tomcat]
Nov 11, 2022 12:13:36 AM org.apache.catalina.core.StandardEngine startInternal
INFO: Starting Servlet engine: [Apache Tomcat/8.5.69]
Nov 11, 2022 12:13:36 AM org.apache.coyote.AbstractProtocol start
INFO: Starting ProtocolHandler ["http-nio-auto-1-44993"]
Nov 11, 2022 12:13:39 AM exercise.servlet.SessionServlet login
INFO: lavern.keeling@gmail.com tried to log in
Nov 11, 2022 12:13:39 AM exercise.servlet.SessionServlet login
INFO: shoshana.haley@hotmail.com tried to log in
Nov 11, 2022 12:13:39 AM exercise.servlet.SessionServlet login
INFO: suzann.barrows@hotmail.com tried to log in
Nov 11, 2022 12:13:39 AM exercise.servlet.SessionServlet login
INFO: lavern.keeling@gmail.com tried to log in
Nov 11, 2022 12:13:39 AM exercise.servlet.SessionServlet login
INFO: lavern.keeling@gmail.com tried to log in
Nov 11, 2022 12:13:39 AM exercise.servlet.SessionServlet login
INFO: lavern.keeling@gmail.com tried to log in
Nov 11, 2022 12:13:39 AM org.apache.coyote.AbstractProtocol pause
INFO: Pausing ProtocolHandler ["http-nio-auto-1-44993"]
Nov 11, 2022 12:13:39 AM org.apache.catalina.core.StandardService stopInternal
INFO: Stopping service [Tomcat]
Nov 11, 2022 12:13:39 AM org.apache.catalina.loader.WebappClassLoaderBase clearReferencesObjectStreamClassCaches
WARNING: When running on Java 9 or later you need to add "--add-opens=java.base/java.io=null" to the JVM command line arguments to enable ObjectStream cache memory leak protection. Alternatively, you can suppress this warning by disabling ObjectStream class cache memory leak protection.
Nov 11, 2022 12:13:39 AM org.apache.catalina.loader.WebappClassLoaderBase clearReferencesRmiTargets
WARNING: When running on Java 9 or later you need to add "--add-opens=java.rmi/sun.rmi.transport=null" to the JVM command line arguments to enable RMI Target memory leak detection. Alternatively, you can suppress this warning by disabling RMI Target memory leak detection.
Nov 11, 2022 12:13:39 AM org.apache.coyote.AbstractProtocol stop
INFO: Stopping ProtocolHandler ["http-nio-auto-1-44993"]
Nov 11, 2022 12:14:58 AM org.apache.coyote.AbstractProtocol init
INFO: Initializing ProtocolHandler ["http-nio-5000"]
Nov 11, 2022 12:14:58 AM org.apache.catalina.core.StandardService initInternal
SEVERE: Failed to initialize connector [Connector[HTTP/1.1-5000]]
org.apache.catalina.LifecycleException: Protocol handler initialization failed
	at org.apache.catalina.connector.Connector.initInternal(Connector.java:1077)
	at org.apache.catalina.util.LifecycleBase.init(LifecycleBase.java:136)
	at org.apache.catalina.core.StandardService.initInternal(StandardService.java:557)
	at org.apache.catalina.util.LifecycleBase.init(LifecycleBase.java:136)
	at org.apache.catalina.core.StandardServer.initInternal(StandardServer.java:850)
	at org.apache.catalina.util.LifecycleBase.init(LifecycleBase.java:136)
	at org.apache.catalina.util.LifecycleBase.start(LifecycleBase.java:173)
	at org.apache.catalina.startup.Tomcat.start(Tomcat.java:440)
	at exercise.App.main(App.java:78)
Caused by: java.net.BindException: Address already in use
	at java.base/sun.nio.ch.Net.bind0(Native Method)
	at java.base/sun.nio.ch.Net.bind(Net.java:555)
	at java.base/sun.nio.ch.ServerSocketChannelImpl.netBind(ServerSocketChannelImpl.java:337)
	at java.base/sun.nio.ch.ServerSocketChannelImpl.bind(ServerSocketChannelImpl.java:294)
	at java.base/sun.nio.ch.ServerSocketAdaptor.bind(ServerSocketAdaptor.java:89)
	at org.apache.tomcat.util.net.NioEndpoint.bind(NioEndpoint.java:222)
	at org.apache.tomcat.util.net.AbstractEndpoint.init(AbstractEndpoint.java:1147)
	at org.apache.tomcat.util.net.AbstractJsseEndpoint.init(AbstractJsseEndpoint.java:222)
	at org.apache.coyote.AbstractProtocol.init(AbstractProtocol.java:599)
	at org.apache.coyote.http11.AbstractHttp11Protocol.init(AbstractHttp11Protocol.java:80)
	at org.apache.catalina.connector.Connector.initInternal(Connector.java:1074)
	... 8 more

Nov 11, 2022 12:14:58 AM org.apache.catalina.core.StandardService startInternal
INFO: Starting service [Tomcat]
Nov 11, 2022 12:14:58 AM org.apache.catalina.core.StandardEngine startInternal
INFO: Starting Servlet engine: [Apache Tomcat/8.5.69]
Nov 11, 2022 12:21:37 AM org.apache.coyote.AbstractProtocol init
INFO: Initializing ProtocolHandler ["http-nio-5000"]
Nov 11, 2022 12:21:37 AM org.apache.tomcat.util.net.NioSelectorPool getSharedSelector
INFO: Using a shared selector for servlet write/read
Nov 11, 2022 12:21:37 AM org.apache.catalina.core.StandardService startInternal
INFO: Starting service [Tomcat]
Nov 11, 2022 12:21:37 AM org.apache.catalina.core.StandardEngine startInternal
INFO: Starting Servlet engine: [Apache Tomcat/8.5.69]
Nov 11, 2022 12:21:38 AM org.apache.coyote.AbstractProtocol start
INFO: Starting ProtocolHandler ["http-nio-5000"]
Nov 11, 2022 12:26:21 AM org.apache.coyote.AbstractProtocol init
INFO: Initializing ProtocolHandler ["http-nio-5000"]
Nov 11, 2022 12:26:21 AM org.apache.tomcat.util.net.NioSelectorPool getSharedSelector
INFO: Using a shared selector for servlet write/read
Nov 11, 2022 12:26:21 AM org.apache.catalina.core.StandardService startInternal
INFO: Starting service [Tomcat]
Nov 11, 2022 12:26:21 AM org.apache.catalina.core.StandardEngine startInternal
INFO: Starting Servlet engine: [Apache Tomcat/8.5.69]
Nov 11, 2022 12:26:21 AM org.apache.coyote.AbstractProtocol start
INFO: Starting ProtocolHandler ["http-nio-5000"]
Nov 11, 2022 12:27:35 AM exercise.servlet.SessionServlet login
INFO: devin.rosenbaum@hotmail.com tried to log in
Nov 11, 2022 12:27:39 AM exercise.servlet.SessionServlet login
INFO: devin.rosenbaum@hotmail.com tried to log in
Nov 11, 2022 12:28:14 AM exercise.servlet.SessionServlet login
INFO: ssssssssssssssss@tt tried to log in
